#
# There is insufficient memory for the Java Runtime Environment to continue.
# Native memory allocation (malloc) failed to allocate 339872 bytes. Error detail: Chunk::new
# Possible reasons:
#   The system is out of physical RAM or swap space
#   This process is running with CompressedOops enabled, and the Java Heap may be blocking the growth of the native heap
# Possible solutions:
#   Reduce memory load on the system
#   Increase physical memory or swap space
#   Check if swap backing store is full
#   Decrease Java heap size (-Xmx/-Xms)
#   Decrease number of Java threads
#   Decrease Java thread stack sizes (-Xss)
#   Set larger code cache with -XX:ReservedCodeCacheSize=
#   JVM is running with Unscaled Compressed Oops mode in which the Java heap is
#     placed in the first 4GB address space. The Java Heap base address is the
#     maximum limit for the native heap growth. Please use -XX:HeapBaseMinAddress
#     to set the Java Heap base and to place the Java Heap above 4GB virtual address.
# This output file may be truncated or incomplete.
#
#  Out of Memory Error (arena.cpp:168), pid=26936, tid=31672
#
# JRE version: OpenJDK Runtime Environment Temurin-21.0.10+7 (21.0.10+7) (build 21.0.10+7-LTS)
# Java VM: OpenJDK 64-Bit Server VM Temurin-21.0.10+7 (21.0.10+7-LTS, mixed mode, sharing, tiered, compressed oops, compressed class ptrs, parallel gc, windows-amd64)
# No core dump will be written. Minidumps are not enabled by default on client versions of Windows
#

---------------  S U M M A R Y ------------

Command Line: --add-modules=ALL-SYSTEM --add-opens=java.base/java.util=ALL-UNNAMED --add-opens=java.base/java.lang=ALL-UNNAMED --add-opens=java.base/sun.nio.fs=ALL-UNNAMED -Declipse.application=org.eclipse.jdt.ls.core.id1 -Dosgi.bundles.defaultStartLevel=4 -Declipse.product=org.eclipse.jdt.ls.core.product -Djava.import.generatesMetadataFilesAtProjectRoot=false -DDetectVMInstallationsJob.disabled=true -Dfile.encoding=utf8 -XX:+UseParallelGC -XX:GCTimeRatio=4 -XX:AdaptiveSizePolicyWeight=90 -Dsun.zip.disableMemoryMapping=true -Xmx2G -Xms100m -Xlog:disable -javaagent:c:\Users\lschr\.vscode\extensions\redhat.java-1.54.0-win32-x64\lombok\lombok-1.18.39-4050.jar c:\Users\lschr\.vscode\extensions\redhat.java-1.54.0-win32-x64\server\plugins\org.eclipse.equinox.launcher_1.7.100.v20251111-0406.jar -configuration c:\Users\lschr\AppData\Roaming\Code\User\globalStorage\redhat.java\1.54.0\config_ss_win -data c:\Users\lschr\AppData\Roaming\Code\User\workspaceStorage\4cac7c3bfd66d2a409652a7d1147bfd8\redhat.java\ss_ws --pipe=\\.\pipe\lsp-ec049218a1e480e4a1dfaff98b0fddf2-sock

Host: Intel(R) Core(TM) i5-8250U CPU @ 1.60GHz, 8 cores, 7G,  Windows 11 , 64 bit Build 26100 (10.0.26100.7920)
Time: Mon Apr 20 13:42:47 2026 Mitteleurop鄜sche Sommerzeit elapsed time: 9.870368 seconds (0d 0h 0m 9s)

---------------  T H R E A D  ---------------

Current thread (0x000002b058a406d0):  JavaThread "C2 CompilerThread1" daemon [_thread_in_native, id=31672, stack(0x000000d5aff00000,0x000000d5b0000000) (1024K)]


Current CompileTask:
C2:9870 2331       4       lombok.patcher.PatchScript::classMatches (41 bytes)

Stack: [0x000000d5aff00000,0x000000d5b0000000]
Native frames: (J=compiled Java code, j=interpreted, Vv=VM code, C=native code)
V  [jvm.dll+0x6d7a39]
V  [jvm.dll+0x8b4b26]
V  [jvm.dll+0x8b70de]
V  [jvm.dll+0x8b77c3]
V  [jvm.dll+0x284346]
V  [jvm.dll+0xc66ed]
V  [jvm.dll+0xc6c31]
V  [jvm.dll+0x3bec3b]
V  [jvm.dll+0x38b162]
V  [jvm.dll+0x38a5aa]
V  [jvm.dll+0x24c560]
V  [jvm.dll+0x24bb40]
V  [jvm.dll+0x1cb34e]
V  [jvm.dll+0x25b85d]
V  [jvm.dll+0x259dea]
V  [jvm.dll+0x3f857e]
V  [jvm.dll+0x85f59d]
V  [jvm.dll+0x6d626d]
C  [ucrtbase.dll+0x37b0]
C  [KERNEL32.DLL+0x2e8d7]
C  [ntdll.dll+0x8c48c]


---------------  P R O C E S S  ---------------

Threads class SMR info:
_java_thread_list=0x000002b05858c8c0, length=17, elements={
0x000002b07a610c70, 0x000002b07a588400, 0x000002b07a6ce8a0, 0x000002b07a58b9a0,
0x000002b07a58e410, 0x000002b07a58ee70, 0x000002b07a58f8d0, 0x000002b07a592720,
0x000002b07f8923a0, 0x000002b07fa2e340, 0x000002b07fb68890, 0x000002b0589cd750,
0x000002b0589ceb00, 0x000002b0589cfeb0, 0x000002b0589cf190, 0x000002b0589cf820,
0x000002b058a406d0
}

Java Threads: ( => current thread )
  0x000002b07a610c70 JavaThread "main"                              [_thread_blocked, id=7816, stack(0x000000d5ae500000,0x000000d5ae600000) (1024K)]
  0x000002b07a588400 JavaThread "Reference Handler"          daemon [_thread_blocked, id=17768, stack(0x000000d5ae900000,0x000000d5aea00000) (1024K)]
  0x000002b07a6ce8a0 JavaThread "Finalizer"                  daemon [_thread_blocked, id=928, stack(0x000000d5aea00000,0x000000d5aeb00000) (1024K)]
  0x000002b07a58b9a0 JavaThread "Signal Dispatcher"          daemon [_thread_blocked, id=19064, stack(0x000000d5aeb00000,0x000000d5aec00000) (1024K)]
  0x000002b07a58e410 JavaThread "Attach Listener"            daemon [_thread_blocked, id=11588, stack(0x000000d5aec00000,0x000000d5aed00000) (1024K)]
  0x000002b07a58ee70 JavaThread "Service Thread"             daemon [_thread_blocked, id=28932, stack(0x000000d5aed00000,0x000000d5aee00000) (1024K)]
  0x000002b07a58f8d0 JavaThread "Monitor Deflation Thread"   daemon [_thread_blocked, id=25204, stack(0x000000d5aee00000,0x000000d5aef00000) (1024K)]
  0x000002b07a592720 JavaThread "C2 CompilerThread0"         daemon [_thread_in_vm, id=4276, stack(0x000000d5aef00000,0x000000d5af000000) (1024K)]
  0x000002b07f8923a0 JavaThread "C1 CompilerThread0"         daemon [_thread_in_native, id=29276, stack(0x000000d5af000000,0x000000d5af100000) (1024K)]
  0x000002b07fa2e340 JavaThread "Common-Cleaner"             daemon [_thread_blocked, id=28904, stack(0x000000d5af100000,0x000000d5af200000) (1024K)]
  0x000002b07fb68890 JavaThread "Notification Thread"        daemon [_thread_blocked, id=15396, stack(0x000000d5af200000,0x000000d5af300000) (1024K)]
  0x000002b0589cd750 JavaThread "Active Thread: Equinox Container: 2bad9884-00b3-468f-9910-30ad56dca631"        [_thread_blocked, id=16220, stack(0x000000d5afa00000,0x000000d5afb00000) (1024K)]
  0x000002b0589ceb00 JavaThread "Framework Event Dispatcher: Equinox Container: 2bad9884-00b3-468f-9910-30ad56dca631" daemon [_thread_blocked, id=20312, stack(0x000000d5afb00000,0x000000d5afc00000) (1024K)]
  0x000002b0589cfeb0 JavaThread "Start Level: Equinox Container: 2bad9884-00b3-468f-9910-30ad56dca631" daemon [_thread_in_vm, id=18808, stack(0x000000d5afc00000,0x000000d5afd00000) (1024K)]
  0x000002b0589cf190 JavaThread "SCR Component Actor"        daemon [_thread_blocked, id=9984, stack(0x000000d5af300000,0x000000d5af400000) (1024K)]
  0x000002b0589cf820 JavaThread "Worker-JM"                         [_thread_blocked, id=32620, stack(0x000000d5afe00000,0x000000d5aff00000) (1024K)]
=>0x000002b058a406d0 JavaThread "C2 CompilerThread1"         daemon [_thread_in_native, id=31672, stack(0x000000d5aff00000,0x000000d5b0000000) (1024K)]
Total: 17

Other Threads:
  0x000002b07a6b2780 VMThread "VM Thread"                           [id=12572, stack(0x000000d5ae800000,0x000000d5ae900000) (1024K)]
  0x000002b07a49ca00 WatcherThread "VM Periodic Task Thread"        [id=28140, stack(0x000000d5ae700000,0x000000d5ae800000) (1024K)]
  0x000002b07a62f4e0 WorkerThread "GC Thread#0"                     [id=24416, stack(0x000000d5ae600000,0x000000d5ae700000) (1024K)]
  0x000002b058644440 WorkerThread "GC Thread#1"                     [id=32656, stack(0x000000d5af400000,0x000000d5af500000) (1024K)]
  0x000002b0586447f0 WorkerThread "GC Thread#2"                     [id=26900, stack(0x000000d5af500000,0x000000d5af600000) (1024K)]
  0x000002b058644ba0 WorkerThread "GC Thread#3"                     [id=21692, stack(0x000000d5af600000,0x000000d5af700000) (1024K)]
  0x000002b058644f50 WorkerThread "GC Thread#4"                     [id=29644, stack(0x000000d5af700000,0x000000d5af800000) (1024K)]
  0x000002b058645300 WorkerThread "GC Thread#5"                     [id=1676, stack(0x000000d5af800000,0x000000d5af900000) (1024K)]
  0x000002b058348280 WorkerThread "GC Thread#6"                     [id=26820, stack(0x000000d5af900000,0x000000d5afa00000) (1024K)]
  0x000002b058359340 WorkerThread "GC Thread#7"                     [id=5628, stack(0x000000d5afd00000,0x000000d5afe00000) (1024K)]
Total: 10

Threads with active compile tasks:
C2 CompilerThread0  10022 2405       4       jdk.internal.org.objectweb.asm.Frame::execute (2305 bytes)
C1 CompilerThread0  10023 2413       3       jdk.internal.org.objectweb.asm.ClassWriter::toByteArray (1517 bytes)
C2 CompilerThread1  10023 2331       4       lombok.patcher.PatchScript::classMatches (41 bytes)
Total: 3

VM state: not at safepoint (normal execution)

VM Mutex/Monitor currently owned by a thread: None

Heap address: 0x0000000080000000, size: 2048 MB, Compressed Oops mode: 32-bit

CDS archive(s) mapped at: [0x000002b013000000-0x000002b013ba0000-0x000002b013ba0000), size 12189696, SharedBaseAddress: 0x000002b013000000, ArchiveRelocationMode: 1.
Compressed class space mapped at: 0x000002b014000000-0x000002b054000000, reserved size: 1073741824
Narrow klass base: 0x000002b013000000, Narrow klass shift: 0, Narrow klass range: 0x100000000

GC Precious Log:
 CardTable entry size: 512
 CPUs: 8 total, 8 available
 Memory: 8087M
 Large Page Support: Disabled
 NUMA Support: Disabled
 Compressed Oops: Enabled (32-bit)
 Alignments: Space 512K, Generation 512K, Heap 2M
 Heap Min Capacity: 100M
 Heap Initial Capacity: 100M
 Heap Max Capacity: 2G
 Pre-touch: Disabled
 Parallel Workers: 8

Heap:
 PSYoungGen      total 29696K, used 12191K [0x00000000d5580000, 0x00000000d7680000, 0x0000000100000000)
  eden space 25600K, 31% used [0x00000000d5580000,0x00000000d5d6cc60,0x00000000d6e80000)
  from space 4096K, 99% used [0x00000000d6e80000,0x00000000d727b088,0x00000000d7280000)
  to   space 4096K, 0% used [0x00000000d7280000,0x00000000d7280000,0x00000000d7680000)
 ParOldGen       total 68608K, used 2942K [0x0000000080000000, 0x0000000084300000, 0x00000000d5580000)
  object space 68608K, 4% used [0x0000000080000000,0x00000000802df988,0x0000000084300000)
 Metaspace       used 14144K, committed 14784K, reserved 1114112K
  class space    used 1495K, committed 1792K, reserved 1048576K

Card table byte_map: [0x000002b079fb0000,0x000002b07a3c0000] _byte_map_base: 0x000002b079bb0000

Marking Bits: (ParMarkBitMap*) 0x00007ffb8f0b3450
 Begin Bits: [0x000002b00f000000, 0x000002b011000000)
 End Bits:   [0x000002b011000000, 0x000002b013000000)

Polling page: 0x000002b078440000

Metaspace:

Usage:
  Non-class:     12.36 MB used.
      Class:      1.46 MB used.
       Both:     13.82 MB used.

Virtual space:
  Non-class space:       64.00 MB reserved,      12.69 MB ( 20%) committed,  1 nodes.
      Class space:        1.00 GB reserved,       1.75 MB ( <1%) committed,  1 nodes.
             Both:        1.06 GB reserved,      14.44 MB (  1%) committed. 

Chunk freelists:
   Non-Class:  2.45 MB
       Class:  14.30 MB
        Both:  16.75 MB

MaxMetaspaceSize: unlimited
CompressedClassSpaceSize: 1.00 GB
Initial GC threshold: 21.00 MB
Current GC threshold: 21.00 MB
CDS: on
 - commit_granule_bytes: 65536.
 - commit_granule_words: 8192.
 - virtual_space_node_default_size: 8388608.
 - enlarge_chunks_in_place: 1.
 - use_allocation_guard: 0.


Internal statistics:

num_allocs_failed_limit: 0.
num_arena_births: 412.
num_arena_deaths: 0.
num_vsnodes_births: 2.
num_vsnodes_deaths: 0.
num_space_committed: 231.
num_space_uncommitted: 0.
num_chunks_returned_to_freelist: 0.
num_chunks_taken_from_freelist: 909.
num_chunk_merges: 0.
num_chunk_splits: 581.
num_chunks_enlarged: 355.
num_inconsistent_stats: 0.

CodeHeap 'non-profiled nmethods': size=120000Kb used=1034Kb max_used=1034Kb free=118965Kb
 bounds [0x000002b007ad0000, 0x000002b007d40000, 0x000002b00f000000]
CodeHeap 'profiled nmethods': size=120000Kb used=4625Kb max_used=4625Kb free=115374Kb
 bounds [0x000002b000000000, 0x000002b000490000, 0x000002b007530000]
CodeHeap 'non-nmethods': size=5760Kb used=1262Kb max_used=1275Kb free=4497Kb
 bounds [0x000002b007530000, 0x000002b0077a0000, 0x000002b007ad0000]
CodeCache: size=245760Kb, used=6921Kb, max_used=6934Kb, free=238836Kb
 total_blobs=2941, nmethods=2407, adapters=440, full_count=0
Compilation: enabled, stopped_count=0, restarted_count=0

Compilation events (20 events):
Event: 7.811 Thread 0x000002b07f8923a0 2350       3       jdk.internal.misc.VM::isJavaLangInvokeInited (4 bytes)
Event: 7.812 Thread 0x000002b07f8923a0 nmethod 2350 0x000002b000461090 code [0x000002b000461220, 0x000002b000461310]
Event: 7.812 Thread 0x000002b07f8923a0 2351       3       jdk.internal.reflect.ReflectionFactory::config (28 bytes)
Event: 7.812 Thread 0x000002b07f8923a0 nmethod 2351 0x000002b000461390 code [0x000002b000461520, 0x000002b000461628]
Event: 7.817 Thread 0x000002b07f8923a0 2352       3       java.lang.invoke.MemberName::hashCode (43 bytes)
Event: 7.818 Thread 0x000002b07f8923a0 nmethod 2352 0x000002b000461690 code [0x000002b0004618e0, 0x000002b000462420]
Event: 7.818 Thread 0x000002b07f8923a0 2353       3       java.util.Objects::hash (5 bytes)
Event: 7.819 Thread 0x000002b07f8923a0 nmethod 2353 0x000002b000462790 code [0x000002b000462940, 0x000002b000462a58]
Event: 7.819 Thread 0x000002b07f8923a0 2354       3       java.lang.Byte::hashCode (8 bytes)
Event: 7.819 Thread 0x000002b07f8923a0 nmethod 2354 0x000002b000462b10 code [0x000002b000462cc0, 0x000002b000462e28]
Event: 7.820 Thread 0x000002b07a592720 nmethod 2324 0x000002b007bc9090 code [0x000002b007bc9300, 0x000002b007bca6a8]
Event: 7.821 Thread 0x000002b07a592720 2344       4       java.util.regex.Matcher::search (154 bytes)
Event: 7.821 Thread 0x000002b07f8923a0 2355       3       java.lang.StringUTF16::getChar (60 bytes)
Event: 7.821 Thread 0x000002b07f8923a0 nmethod 2355 0x000002b000462f10 code [0x000002b0004630c0, 0x000002b000463230]
Event: 7.844 Thread 0x000002b07f8923a0 2357       3       org.eclipse.osgi.internal.hooks.EclipseLazyStarter::shouldActivateFor (123 bytes)
Event: 7.846 Thread 0x000002b07f8923a0 nmethod 2357 0x000002b000463310 code [0x000002b0004635a0, 0x000002b0004640b8]
Event: 7.846 Thread 0x000002b07f8923a0 2358       3       java.util.ArrayDeque::addFirst (51 bytes)
Event: 7.846 Thread 0x000002b07f8923a0 nmethod 2358 0x000002b000464510 code [0x000002b000464700, 0x000002b000464b70]
Event: 7.846 Thread 0x000002b07f8923a0 2359       3       java.util.ArrayDeque::dec (13 bytes)
Event: 7.847 Thread 0x000002b07f8923a0 nmethod 2359 0x000002b000464d10 code [0x000002b000464ea0, 0x000002b000464fc8]

GC Heap History (6 events):
Event: 2.304 GC heap before
{Heap before GC invocations=1 (full 0):
 PSYoungGen      total 29696K, used 25600K [0x00000000d5580000, 0x00000000d7680000, 0x0000000100000000)
  eden space 25600K, 100% used [0x00000000d5580000,0x00000000d6e80000,0x00000000d6e80000)
  from space 4096K, 0% used [0x00000000d7280000,0x00000000d7280000,0x00000000d7680000)
  to   space 4096K, 0% used [0x00000000d6e80000,0x00000000d6e80000,0x00000000d7280000)
 ParOldGen       total 68608K, used 0K [0x0000000080000000, 0x0000000084300000, 0x00000000d5580000)
  object space 68608K, 0% used [0x0000000080000000,0x0000000080000000,0x0000000084300000)
 Metaspace       used 4369K, committed 4608K, reserved 1114112K
  class space    used 474K, committed 576K, reserved 1048576K
}
Event: 2.326 GC heap after
{Heap after GC invocations=1 (full 0):
 PSYoungGen      total 29696K, used 3280K [0x00000000d5580000, 0x00000000d7680000, 0x0000000100000000)
  eden space 25600K, 0% used [0x00000000d5580000,0x00000000d5580000,0x00000000d6e80000)
  from space 4096K, 80% used [0x00000000d6e80000,0x00000000d71b4148,0x00000000d7280000)
  to   space 4096K, 0% used [0x00000000d7280000,0x00000000d7280000,0x00000000d7680000)
 ParOldGen       total 68608K, used 8K [0x0000000080000000, 0x0000000084300000, 0x00000000d5580000)
  object space 68608K, 0% used [0x0000000080000000,0x0000000080002000,0x0000000084300000)
 Metaspace       used 4369K, committed 4608K, reserved 1114112K
  class space    used 474K, committed 576K, reserved 1048576K
}
Event: 4.097 GC heap before
{Heap before GC invocations=2 (full 0):
 PSYoungGen      total 29696K, used 28880K [0x00000000d5580000, 0x00000000d7680000, 0x0000000100000000)
  eden space 25600K, 100% used [0x00000000d5580000,0x00000000d6e80000,0x00000000d6e80000)
  from space 4096K, 80% used [0x00000000d6e80000,0x00000000d71b4148,0x00000000d7280000)
  to   space 4096K, 0% used [0x00000000d7280000,0x00000000d7280000,0x00000000d7680000)
 ParOldGen       total 68608K, used 8K [0x0000000080000000, 0x0000000084300000, 0x00000000d5580000)
  object space 68608K, 0% used [0x0000000080000000,0x0000000080002000,0x0000000084300000)
 Metaspace       used 8186K, committed 8512K, reserved 1114112K
  class space    used 870K, committed 1024K, reserved 1048576K
}
Event: 4.107 GC heap after
{Heap after GC invocations=2 (full 0):
 PSYoungGen      total 29696K, used 4086K [0x00000000d5580000, 0x00000000d7680000, 0x0000000100000000)
  eden space 25600K, 0% used [0x00000000d5580000,0x00000000d5580000,0x00000000d6e80000)
  from space 4096K, 99% used [0x00000000d7280000,0x00000000d767d810,0x00000000d7680000)
  to   space 4096K, 0% used [0x00000000d6e80000,0x00000000d6e80000,0x00000000d7280000)
 ParOldGen       total 68608K, used 1147K [0x0000000080000000, 0x0000000084300000, 0x00000000d5580000)
  object space 68608K, 1% used [0x0000000080000000,0x000000008011eec8,0x0000000084300000)
 Metaspace       used 8186K, committed 8512K, reserved 1114112K
  class space    used 870K, committed 1024K, reserved 1048576K
}
Event: 6.595 GC heap before
{Heap before GC invocations=3 (full 0):
 PSYoungGen      total 29696K, used 29686K [0x00000000d5580000, 0x00000000d7680000, 0x0000000100000000)
  eden space 25600K, 100% used [0x00000000d5580000,0x00000000d6e80000,0x00000000d6e80000)
  from space 4096K, 99% used [0x00000000d7280000,0x00000000d767d810,0x00000000d7680000)
  to   space 4096K, 0% used [0x00000000d6e80000,0x00000000d6e80000,0x00000000d7280000)
 ParOldGen       total 68608K, used 1147K [0x0000000080000000, 0x0000000084300000, 0x00000000d5580000)
  object space 68608K, 1% used [0x0000000080000000,0x000000008011eec8,0x0000000084300000)
 Metaspace       used 13028K, committed 13632K, reserved 1114112K
  class space    used 1382K, committed 1664K, reserved 1048576K
}
Event: 6.601 GC heap after
{Heap after GC invocations=3 (full 0):
 PSYoungGen      total 29696K, used 4076K [0x00000000d5580000, 0x00000000d7680000, 0x0000000100000000)
  eden space 25600K, 0% used [0x00000000d5580000,0x00000000d5580000,0x00000000d6e80000)
  from space 4096K, 99% used [0x00000000d6e80000,0x00000000d727b088,0x00000000d7280000)
  to   space 4096K, 0% used [0x00000000d7280000,0x00000000d7280000,0x00000000d7680000)
 ParOldGen       total 68608K, used 2942K [0x0000000080000000, 0x0000000084300000, 0x00000000d5580000)
  object space 68608K, 4% used [0x0000000080000000,0x00000000802df988,0x0000000084300000)
 Metaspace       used 13028K, committed 13632K, reserved 1114112K
  class space    used 1382K, committed 1664K, reserved 1048576K
}

Dll operation events (9 events):
Event: 0.031 Loaded shared library c:\Users\lschr\.vscode\extensions\redhat.java-1.54.0-win32-x64\jre\21.0.10-win32-x86_64\bin\java.dll
Event: 0.330 Loaded shared library c:\Users\lschr\.vscode\extensions\redhat.java-1.54.0-win32-x64\jre\21.0.10-win32-x86_64\bin\zip.dll
Event: 0.417 Loaded shared library C:\Users\lschr\.vscode\extensions\redhat.java-1.54.0-win32-x64\jre\21.0.10-win32-x86_64\bin\instrument.dll
Event: 0.429 Loaded shared library C:\Users\lschr\.vscode\extensions\redhat.java-1.54.0-win32-x64\jre\21.0.10-win32-x86_64\bin\net.dll
Event: 0.439 Loaded shared library C:\Users\lschr\.vscode\extensions\redhat.java-1.54.0-win32-x64\jre\21.0.10-win32-x86_64\bin\nio.dll
Event: 0.450 Loaded shared library C:\Users\lschr\.vscode\extensions\redhat.java-1.54.0-win32-x64\jre\21.0.10-win32-x86_64\bin\zip.dll
Event: 0.508 Loaded shared library C:\Users\lschr\.vscode\extensions\redhat.java-1.54.0-win32-x64\jre\21.0.10-win32-x86_64\bin\jimage.dll
Event: 0.700 Loaded shared library c:\Users\lschr\.vscode\extensions\redhat.java-1.54.0-win32-x64\jre\21.0.10-win32-x86_64\bin\verify.dll
Event: 4.054 Loaded shared library C:\Users\lschr\AppData\Roaming\Code\User\globalStorage\redhat.java\1.54.0\config_ss_win\org.eclipse.equinox.launcher\org.eclipse.equinox.launcher.win32.win32.x86_64_1.3.0.v20260203-2149\eclipse_11919.dll

Deoptimization events (20 events):
Event: 5.199 Thread 0x000002b0589cfeb0 DEOPT PACKING pc=0x000002b007bb0744 sp=0x000000d5afcf8a40
Event: 5.199 Thread 0x000002b0589cfeb0 DEOPT UNPACKING pc=0x000002b007583aa2 sp=0x000000d5afcf8988 mode 2
Event: 5.199 Thread 0x000002b0589cfeb0 Uncommon trap: trap_request=0xffffffc6 fr.pc=0x000002b007bb0744 relative=0x0000000000000504
Event: 5.199 Thread 0x000002b0589cfeb0 Uncommon trap: reason=bimorphic_or_optimized_type_check action=maybe_recompile pc=0x000002b007bb0744 method=java.io.DataInputStream.readUnsignedByte()I @ 4 c2
Event: 5.199 Thread 0x000002b0589cfeb0 DEOPT PACKING pc=0x000002b007bb0744 sp=0x000000d5afcf8a60
Event: 5.199 Thread 0x000002b0589cfeb0 DEOPT UNPACKING pc=0x000002b007583aa2 sp=0x000000d5afcf89a8 mode 2
Event: 6.557 Thread 0x000002b0589cfeb0 Uncommon trap: trap_request=0xffffff45 fr.pc=0x000002b007b28db8 relative=0x0000000000000f38
Event: 6.557 Thread 0x000002b0589cfeb0 Uncommon trap: reason=unstable_if action=reinterpret pc=0x000002b007b28db8 method=lombok.patcher.PatchScript.classMatches(Ljava/lang/String;Ljava/util/Collection;)Z @ 25 c2
Event: 6.557 Thread 0x000002b0589cfeb0 DEOPT PACKING pc=0x000002b007b28db8 sp=0x000000d5afcf6fb0
Event: 6.557 Thread 0x000002b0589cfeb0 DEOPT UNPACKING pc=0x000002b007583aa2 sp=0x000000d5afcf6f70 mode 2
Event: 7.698 Thread 0x000002b0589cfeb0 Uncommon trap: trap_request=0xffffff45 fr.pc=0x000002b007bc3278 relative=0x0000000000001358
Event: 7.698 Thread 0x000002b0589cfeb0 Uncommon trap: reason=unstable_if action=reinterpret pc=0x000002b007bc3278 method=java.util.Properties.loadConvert([CIILjava/lang/StringBuilder;)Ljava/lang/String; @ 491 c2
Event: 7.698 Thread 0x000002b0589cfeb0 DEOPT PACKING pc=0x000002b007bc3278 sp=0x000000d5afcf7d40
Event: 7.699 Thread 0x000002b0589cfeb0 DEOPT UNPACKING pc=0x000002b007583aa2 sp=0x000000d5afcf7d30 mode 2
Event: 7.699 Thread 0x000002b0589cfeb0 DEOPT PACKING pc=0x000002b000120926 sp=0x000000d5afcf7d20
Event: 7.699 Thread 0x000002b0589cfeb0 DEOPT UNPACKING pc=0x000002b007584242 sp=0x000000d5afcf7218 mode 0
Event: 7.818 Thread 0x000002b0589cfeb0 Uncommon trap: trap_request=0xffffff45 fr.pc=0x000002b007b0b9f4 relative=0x0000000000000054
Event: 7.818 Thread 0x000002b0589cfeb0 Uncommon trap: reason=unstable_if action=reinterpret pc=0x000002b007b0b9f4 method=java.lang.CharacterData.of(I)Ljava/lang/CharacterData; @ 4 c2
Event: 7.818 Thread 0x000002b0589cfeb0 DEOPT PACKING pc=0x000002b007b0b9f4 sp=0x000000d5afcf90b0
Event: 7.818 Thread 0x000002b0589cfeb0 DEOPT UNPACKING pc=0x000002b007583aa2 sp=0x000000d5afcf9048 mode 2

Classes loaded (20 events):
Event: 7.692 Loading class java/lang/IllegalCallerException
Event: 7.693 Loading class java/lang/IllegalCallerException done
Event: 7.706 Loading class java/lang/invoke/DirectMethodHandle$1
Event: 7.707 Loading class java/lang/invoke/DirectMethodHandle$1 done
Event: 7.745 Loading class java/text/MessageFormat
Event: 7.747 Loading class java/text/MessageFormat done
Event: 7.771 Loading class jdk/internal/module/ModulePatcher$PatchedModuleReader
Event: 7.772 Loading class jdk/internal/module/ModulePatcher$PatchedModuleReader done
Event: 7.796 Loading class sun/util/resources/LocaleData$CommonResourceBundleProvider
Event: 7.797 Loading class sun/util/resources/LocaleData$LocaleDataResourceBundleProvider
Event: 7.797 Loading class java/util/spi/ResourceBundleProvider
Event: 7.797 Loading class java/util/spi/ResourceBundleProvider done
Event: 7.797 Loading class sun/util/resources/LocaleData$LocaleDataResourceBundleProvider done
Event: 7.797 Loading class sun/util/resources/LocaleData$CommonResourceBundleProvider done
Event: 7.803 Loading class sun/util/resources/Bundles$2
Event: 7.803 Loading class sun/util/resources/Bundles$2 done
Event: 7.826 Loading class java/text/FieldPosition$Delegate
Event: 7.827 Loading class java/text/FieldPosition$Delegate done
Event: 7.827 Loading class java/text/MessageFormat$Field
Event: 7.827 Loading class java/text/MessageFormat$Field done

Classes unloaded (0 events):
No events

Classes redefined (0 events):
No events

Internal exceptions (20 events):
Event: 3.529 Thread 0x000002b07a610c70 Exception <a 'java/lang/IncompatibleClassChangeError'{0x00000000d6433bd0}: Found class java.lang.Object, but interface was expected> (0x00000000d6433bd0) 
thrown [s\src\hotspot\share\interpreter\linkResolver.cpp, line 840]
Event: 3.531 Thread 0x000002b07a610c70 Exception <a 'java/lang/NoSuchMethodError'{0x00000000d643a180}: 'void java.lang.invoke.DirectMethodHandle$Holder.invokeStaticInit(java.lang.Object, java.lang.Object)'> (0x00000000d643a180) 
thrown [s\src\hotspot\share\interpreter\linkResolver.cpp, line 773]
Event: 3.533 Thread 0x000002b07a610c70 Exception <a 'java/lang/NoSuchMethodError'{0x00000000d64434f8}: 'int java.lang.invoke.DirectMethodHandle$Holder.invokeStaticInit(java.lang.Object, java.lang.Object)'> (0x00000000d64434f8) 
thrown [s\src\hotspot\share\interpreter\linkResolver.cpp, line 773]
Event: 3.626 Thread 0x000002b07a610c70 Exception <a 'java/lang/NoSuchMethodError'{0x00000000d668a910}: 'java.lang.Object java.lang.invoke.DirectMethodHandle$Holder.newInvokeSpecial(java.lang.Object, int, java.lang.Object)'> (0x00000000d668a910) 
thrown [s\src\hotspot\share\interpreter\linkResolver.cpp, line 773]
Event: 3.701 Thread 0x000002b07a610c70 Exception <a 'java/lang/ClassNotFoundException'{0x00000000d68a4970}: sun/net/www/protocol/plurl/Handler> (0x00000000d68a4970) 
thrown [s\src\hotspot\share\classfile\systemDictionary.cpp, line 312]
Event: 3.701 Thread 0x000002b07a610c70 Exception <a 'java/lang/ClassNotFoundException'{0x00000000d68a57f0}: sun/net/www/protocol/plurl/Handler> (0x00000000d68a57f0) 
thrown [s\src\hotspot\share\classfile\systemDictionary.cpp, line 312]
Event: 4.040 Thread 0x000002b07a610c70 Exception <a 'java/lang/UnsatisfiedLinkError'{0x00000000d6cf7268}: 'void org.eclipse.equinox.launcher.JNIBridge._update_splash()'> (0x00000000d6cf7268) 
thrown [s\src\hotspot\share\prims\nativeLookup.cpp, line 415]
Event: 4.195 Thread 0x000002b0589cfeb0 Exception <a 'java/lang/NullPointerException'{0x00000000d5805f00}> (0x00000000d5805f00) 
thrown [s\src\hotspot\share\interpreter\linkResolver.cpp, line 1372]
Event: 4.195 Thread 0x000002b0589cfeb0 Exception <a 'java/lang/NullPointerException'{0x00000000d58061e0}> (0x00000000d58061e0) 
thrown [s\src\hotspot\share\interpreter\linkResolver.cpp, line 1372]
Event: 4.504 Thread 0x000002b0589cfeb0 Exception <a 'java/lang/NoSuchMethodError'{0x00000000d60fd568}: 'long java.lang.invoke.DirectMethodHandle$Holder.invokeSpecial(java.lang.Object, java.lang.Object)'> (0x00000000d60fd568) 
thrown [s\src\hotspot\share\interpreter\linkResolver.cpp, line 773]
Event: 4.796 Thread 0x000002b0589cfeb0 Exception <a 'java/io/FileNotFoundException'{0x00000000d62f1570}> (0x00000000d62f1570) 
thrown [s\src\hotspot\share\prims\jni.cpp, line 520]
Event: 5.080 Thread 0x000002b0589cfeb0 Exception <a 'java/lang/NoSuchMethodError'{0x00000000d65dadd8}: 'java.lang.Object java.lang.invoke.Invokers$Holder.linkToTargetMethod(java.lang.Object, long, java.lang.Object)'> (0x00000000d65dadd8) 
thrown [s\src\hotspot\share\interpreter\linkResolver.cpp, line 773]
Event: 5.314 Thread 0x000002b0589cfeb0 Exception <a 'java/lang/NoSuchMethodError'{0x00000000d6975c20}: 'void java.lang.invoke.DirectMethodHandle$Holder.invokeInterface(java.lang.Object, java.lang.Object, java.lang.Object)'> (0x00000000d6975c20) 
thrown [s\src\hotspot\share\interpreter\linkResolver.cpp, line 773]
Event: 5.372 Thread 0x000002b0589cfeb0 Exception <a 'java/lang/NoSuchMethodError'{0x00000000d6b88348}: 'void java.lang.invoke.Invokers$Holder.invokeExact_MT(java.lang.Object, java.lang.Object, java.lang.Object)'> (0x00000000d6b88348) 
thrown [s\src\hotspot\share\interpreter\linkResolver.cpp, line 773]
Event: 6.590 Thread 0x000002b0589cfeb0 Exception <a 'java/lang/NoSuchMethodError'{0x00000000d6e5d808}: 'java.lang.Object java.lang.invoke.DirectMethodHandle$Holder.invokeVirtual(java.lang.Object, java.lang.Object, java.lang.Object)'> (0x00000000d6e5d808) 
thrown [s\src\hotspot\share\interpreter\linkResolver.cpp, line 773]
Event: 6.594 Thread 0x000002b0589cfeb0 Exception <a 'java/lang/NoSuchMethodError'{0x00000000d6e75de8}: 'java.lang.Object java.lang.invoke.DelegatingMethodHandle$Holder.reinvoke_L(java.lang.Object, java.lang.Object, java.lang.Object, java.lang.Object, int, int)'> (0x00000000d6e75de8) 
thrown [s\src\hotspot\share\interpreter\linkResolver.cpp, line 773]
Event: 6.604 Thread 0x000002b0589cfeb0 Exception <a 'java/lang/NoSuchMethodError'{0x00000000d5592d90}: 'java.lang.Object java.lang.invoke.DirectMethodHandle$Holder.newInvokeSpecial(java.lang.Object, java.lang.Object, java.lang.Object, java.lang.Object, java.lang.Object, java.lang.Object)'> (0x00000000d5592d90) 
thrown [s\src\hotspot\share\interpreter\linkResolver.cpp, line 773]
Event: 6.610 Thread 0x000002b0589cfeb0 Exception <a 'java/lang/NoSuchMethodError'{0x00000000d55da598}: 'void java.lang.invoke.Invokers$Holder.invokeExact_MT(java.lang.Object, java.lang.Object, java.lang.Object, java.lang.Object)'> (0x00000000d55da598) 
thrown [s\src\hotspot\share\interpreter\linkResolver.cpp, line 773]
Event: 6.661 Thread 0x000002b0589cfeb0 Exception <a 'java/io/FileNotFoundException'{0x00000000d5778138}> (0x00000000d5778138) 
thrown [s\src\hotspot\share\prims\jni.cpp, line 520]
Event: 6.662 Thread 0x000002b0589cfeb0 Exception <a 'java/io/FileNotFoundException'{0x00000000d577f6d0}> (0x00000000d577f6d0) 
thrown [s\src\hotspot\share\prims\jni.cpp, line 520]

ZGC Phase Switch (0 events):
No events

VM Operations (20 events):
Event: 5.212 Executing non-safepoint VM operation: HandshakeAllThreads (Deoptimize)
Event: 5.212 Executing non-safepoint VM operation: HandshakeAllThreads (Deoptimize) done
Event: 5.212 Executing safepoint VM operation: Cleanup
Event: 5.213 Executing safepoint VM operation: Cleanup done
Event: 6.220 Executing safepoint VM operation: Cleanup
Event: 6.449 Executing safepoint VM operation: Cleanup done
Event: 6.594 Executing safepoint VM operation: ParallelGCFailedAllocation (Allocation Failure)
Event: 6.601 Executing safepoint VM operation: ParallelGCFailedAllocation (Allocation Failure) done
Event: 7.604 Executing safepoint VM operation: Cleanup
Event: 7.677 Executing safepoint VM operation: Cleanup done
Event: 7.749 Executing non-safepoint VM operation: HandshakeAllThreads (Deoptimize)
Event: 7.750 Executing non-safepoint VM operation: HandshakeAllThreads (Deoptimize) done
Event: 7.773 Executing non-safepoint VM operation: HandshakeAllThreads (Deoptimize)
Event: 7.773 Executing non-safepoint VM operation: HandshakeAllThreads (Deoptimize) done
Event: 7.821 Executing non-safepoint VM operation: HandshakeAllThreads (Deoptimize)
Event: 7.821 Executing non-safepoint VM operation: HandshakeAllThreads (Deoptimize) done
Event: 8.821 Executing safepoint VM operation: Cleanup
Event: 8.821 Executing safepoint VM operation: Cleanup done
Event: 9.822 Executing safepoint VM operation: Cleanup
Event: 9.822 Executing safepoint VM operation: Cleanup done

Memory protections (0 events):
No events

Nmethod flushes (0 events):
No events

Events (20 events):
Event: 0.921 Thread 0x000002b07fb68890 Thread exited: 0x000002b07fb68890
Event: 0.982 Thread 0x000002b07a610c70 Thread added: 0x000002b07fb68890
Event: 0.987 Thread 0x000002b07a592720 Thread added: 0x000002b07f94c080
Event: 1.451 Thread 0x000002b07f8923a0 Thread added: 0x000002b07fbf4af0
Event: 2.095 Thread 0x000002b07fbf4af0 Thread exited: 0x000002b07fbf4af0
Event: 2.388 Thread 0x000002b07f94c080 Thread exited: 0x000002b07f94c080
Event: 2.966 Thread 0x000002b07f8923a0 Thread added: 0x000002b05817d2e0
Event: 2.982 Thread 0x000002b07f8923a0 Thread added: 0x000002b0582b8ab0
Event: 3.531 Thread 0x000002b0582b8ab0 Thread exited: 0x000002b0582b8ab0
Event: 3.557 Thread 0x000002b07a610c70 Thread added: 0x000002b0589cd750
Event: 4.026 Thread 0x000002b07a610c70 Thread added: 0x000002b0589ceb00
Event: 4.038 Thread 0x000002b07a610c70 Thread added: 0x000002b0589cfeb0
Event: 4.134 Thread 0x000002b05817d2e0 Thread exited: 0x000002b05817d2e0
Event: 4.293 Thread 0x000002b0589cfeb0 Thread added: 0x000002b0589cf190
Event: 4.536 Thread 0x000002b07f8923a0 Thread added: 0x000002b0587c7430
Event: 4.536 Thread 0x000002b07f8923a0 Thread added: 0x000002b05877d630
Event: 5.060 Thread 0x000002b05877d630 Thread exited: 0x000002b05877d630
Event: 5.062 Thread 0x000002b0587c7430 Thread exited: 0x000002b0587c7430
Event: 5.328 Thread 0x000002b0589cfeb0 Thread added: 0x000002b0589cf820
Event: 6.573 Thread 0x000002b07a592720 Thread added: 0x000002b058a406d0


Dynamic libraries:
0x00007ff742250000 - 0x00007ff74225e000 	c:\Users\lschr\.vscode\extensions\redhat.java-1.54.0-win32-x64\jre\21.0.10-win32-x86_64\bin\java.exe
0x00007ffc30e80000 - 0x00007ffc310e7000 	C:\WINDOWS\SYSTEM32\ntdll.dll
0x00007ffc30130000 - 0x00007ffc301f9000 	C:\WINDOWS\System32\KERNEL32.DLL
0x00007ffc2d860000 - 0x00007ffc2dc51000 	C:\WINDOWS\System32\KERNELBASE.dll
0x00007ffc2dc60000 - 0x00007ffc2ddab000 	C:\WINDOWS\System32\ucrtbase.dll
0x00007ffc259a0000 - 0x00007ffc259b8000 	c:\Users\lschr\.vscode\extensions\redhat.java-1.54.0-win32-x64\jre\21.0.10-win32-x86_64\bin\jli.dll
0x00007ffc232e0000 - 0x00007ffc232fe000 	c:\Users\lschr\.vscode\extensions\redhat.java-1.54.0-win32-x64\jre\21.0.10-win32-x86_64\bin\VCRUNTIME140.dll
0x00007ffc2fe60000 - 0x00007ffc30025000 	C:\WINDOWS\System32\USER32.dll
0x00007ffc2de70000 - 0x00007ffc2de97000 	C:\WINDOWS\System32\win32u.dll
0x00007ffc18620000 - 0x00007ffc188b3000 	C:\WINDOWS\WinSxS\amd64_microsoft.windows.common-controls_6595b64144ccf1df_6.0.26100.8037_none_3e092faae333b53b\COMCTL32.dll
0x00007ffc2fb20000 - 0x00007ffc2fb4b000 	C:\WINDOWS\System32\GDI32.dll
0x00007ffc30200000 - 0x00007ffc302a9000 	C:\WINDOWS\System32\msvcrt.dll
0x00007ffc2d730000 - 0x00007ffc2d85b000 	C:\WINDOWS\System32\gdi32full.dll
0x00007ffc2dea0000 - 0x00007ffc2df43000 	C:\WINDOWS\System32\msvcp_win.dll
0x00007ffc30d50000 - 0x00007ffc30d81000 	C:\WINDOWS\System32\IMM32.DLL
0x00007ffc29370000 - 0x00007ffc2937c000 	c:\Users\lschr\.vscode\extensions\redhat.java-1.54.0-win32-x64\jre\21.0.10-win32-x86_64\bin\vcruntime140_1.dll
0x00007ffc0c970000 - 0x00007ffc0c9fd000 	c:\Users\lschr\.vscode\extensions\redhat.java-1.54.0-win32-x64\jre\21.0.10-win32-x86_64\bin\msvcp140.dll
0x00007ffb8e3f0000 - 0x00007ffb8f191000 	c:\Users\lschr\.vscode\extensions\redhat.java-1.54.0-win32-x64\jre\21.0.10-win32-x86_64\bin\server\jvm.dll
0x00007ffc30540000 - 0x00007ffc305fb000 	C:\WINDOWS\System32\ADVAPI32.dll
0x00007ffc2fc50000 - 0x00007ffc2fcf7000 	C:\WINDOWS\System32\sechost.dll
0x00007ffc30420000 - 0x00007ffc30538000 	C:\WINDOWS\System32\RPCRT4.dll
0x00007ffc30d90000 - 0x00007ffc30e04000 	C:\WINDOWS\System32\WS2_32.dll
0x00007ffc2d590000 - 0x00007ffc2d5ee000 	C:\WINDOWS\SYSTEM32\POWRPROF.dll
0x00007ffc1c0d0000 - 0x00007ffc1c105000 	C:\WINDOWS\SYSTEM32\WINMM.dll
0x00007ffc2c020000 - 0x00007ffc2c02b000 	C:\WINDOWS\SYSTEM32\VERSION.dll
0x00007ffc2d570000 - 0x00007ffc2d584000 	C:\WINDOWS\SYSTEM32\UMPDC.dll
0x00007ffc2c4c0000 - 0x00007ffc2c4db000 	C:\WINDOWS\SYSTEM32\kernel.appcore.dll
0x00007ffc232d0000 - 0x00007ffc232da000 	c:\Users\lschr\.vscode\extensions\redhat.java-1.54.0-win32-x64\jre\21.0.10-win32-x86_64\bin\jimage.dll
0x00007ffc2b560000 - 0x00007ffc2b7a2000 	C:\WINDOWS\SYSTEM32\DBGHELP.DLL
0x00007ffc2f6f0000 - 0x00007ffc2fa72000 	C:\WINDOWS\System32\combase.dll
0x00007ffc30050000 - 0x00007ffc30127000 	C:\WINDOWS\System32\OLEAUT32.dll
0x00007ffc048a0000 - 0x00007ffc048db000 	C:\WINDOWS\SYSTEM32\dbgcore.DLL
0x00007ffc2eb40000 - 0x00007ffc2ebe5000 	C:\WINDOWS\System32\bcryptPrimitives.dll
0x00007ffc1f240000 - 0x00007ffc1f24f000 	c:\Users\lschr\.vscode\extensions\redhat.java-1.54.0-win32-x64\jre\21.0.10-win32-x86_64\bin\instrument.dll
0x00007ffc22e80000 - 0x00007ffc22ea0000 	c:\Users\lschr\.vscode\extensions\redhat.java-1.54.0-win32-x64\jre\21.0.10-win32-x86_64\bin\java.dll
0x00007ffc2eed0000 - 0x00007ffc2f62f000 	C:\WINDOWS\System32\SHELL32.dll
0x00007ffc2dfe0000 - 0x00007ffc2e14a000 	C:\WINDOWS\System32\wintypes.dll
0x00007ffc2e2d0000 - 0x00007ffc2eb34000 	C:\WINDOWS\System32\windows.storage.dll
0x00007ffc302b0000 - 0x00007ffc303a7000 	C:\WINDOWS\System32\SHCORE.dll
0x00007ffc303b0000 - 0x00007ffc30417000 	C:\WINDOWS\System32\shlwapi.dll
0x00007ffc2d650000 - 0x00007ffc2d679000 	C:\WINDOWS\SYSTEM32\profapi.dll
0x00007ffc22e60000 - 0x00007ffc22e78000 	c:\Users\lschr\.vscode\extensions\redhat.java-1.54.0-win32-x64\jre\21.0.10-win32-x86_64\bin\zip.dll
0x00007ffc232b0000 - 0x00007ffc232c0000 	C:\Users\lschr\.vscode\extensions\redhat.java-1.54.0-win32-x64\jre\21.0.10-win32-x86_64\bin\net.dll
0x00007ffc1f0b0000 - 0x00007ffc1f1d7000 	C:\WINDOWS\SYSTEM32\WINHTTP.dll
0x00007ffc2ca30000 - 0x00007ffc2ca9b000 	C:\WINDOWS\system32\mswsock.dll
0x00007ffc1f370000 - 0x00007ffc1f386000 	C:\Users\lschr\.vscode\extensions\redhat.java-1.54.0-win32-x64\jre\21.0.10-win32-x86_64\bin\nio.dll
0x00007ffc1f230000 - 0x00007ffc1f240000 	c:\Users\lschr\.vscode\extensions\redhat.java-1.54.0-win32-x64\jre\21.0.10-win32-x86_64\bin\verify.dll
0x00007ffc055b0000 - 0x00007ffc055f5000 	C:\Users\lschr\AppData\Roaming\Code\User\globalStorage\redhat.java\1.54.0\config_ss_win\org.eclipse.equinox.launcher\org.eclipse.equinox.launcher.win32.win32.x86_64_1.3.0.v20260203-2149\eclipse_11919.dll
0x00007ffc2ebf0000 - 0x00007ffc2ed85000 	C:\WINDOWS\System32\ole32.dll

JVMTI agents:
c:\Users\lschr\.vscode\extensions\redhat.java-1.54.0-win32-x64\lombok\lombok-1.18.39-4050.jar path:c:\Users\lschr\.vscode\extensions\redhat.java-1.54.0-win32-x64\jre\21.0.10-win32-x86_64\bin\instrument.dll, loaded, initialized, instrumentlib options:none

dbghelp: loaded successfully - version: 4.0.5 - missing functions: none
symbol engine: initialized successfully - sym options: 0x614 - pdb path: .;c:\Users\lschr\.vscode\extensions\redhat.java-1.54.0-win32-x64\jre\21.0.10-win32-x86_64\bin;C:\WINDOWS\SYSTEM32;C:\WINDOWS\WinSxS\amd64_microsoft.windows.common-controls_6595b64144ccf1df_6.0.26100.8037_none_3e092faae333b53b;c:\Users\lschr\.vscode\extensions\redhat.java-1.54.0-win32-x64\jre\21.0.10-win32-x86_64\bin\server;C:\Users\lschr\AppData\Roaming\Code\User\globalStorage\redhat.java\1.54.0\config_ss_win\org.eclipse.equinox.launcher\org.eclipse.equinox.launcher.win32.win32.x86_64_1.3.0.v20260203-2149

VM Arguments:
jvm_args: --add-modules=ALL-SYSTEM --add-opens=java.base/java.util=ALL-UNNAMED --add-opens=java.base/java.lang=ALL-UNNAMED --add-opens=java.base/sun.nio.fs=ALL-UNNAMED -Declipse.application=org.eclipse.jdt.ls.core.id1 -Dosgi.bundles.defaultStartLevel=4 -Declipse.product=org.eclipse.jdt.ls.core.product -Djava.import.generatesMetadataFilesAtProjectRoot=false -DDetectVMInstallationsJob.disabled=true -Dfile.encoding=utf8 -XX:+UseParallelGC -XX:GCTimeRatio=4 -XX:AdaptiveSizePolicyWeight=90 -Dsun.zip.disableMemoryMapping=true -Xmx2G -Xms100m -Xlog:disable -javaagent:c:\Users\lschr\.vscode\extensions\redhat.java-1.54.0-win32-x64\lombok\lombok-1.18.39-4050.jar 
java_command: c:\Users\lschr\.vscode\extensions\redhat.java-1.54.0-win32-x64\server\plugins\org.eclipse.equinox.launcher_1.7.100.v20251111-0406.jar -configuration c:\Users\lschr\AppData\Roaming\Code\User\globalStorage\redhat.java\1.54.0\config_ss_win -data c:\Users\lschr\AppData\Roaming\Code\User\workspaceStorage\4cac7c3bfd66d2a409652a7d1147bfd8\redhat.java\ss_ws --pipe=\\.\pipe\lsp-ec049218a1e480e4a1dfaff98b0fddf2-sock
java_class_path (initial): c:\Users\lschr\.vscode\extensions\redhat.java-1.54.0-win32-x64\server\plugins\org.eclipse.equinox.launcher_1.7.100.v20251111-0406.jar
Launcher Type: SUN_STANDARD

[Global flags]
    uintx AdaptiveSizePolicyWeight                 = 90                                        {product} {command line}
     intx CICompilerCount                          = 4                                         {product} {ergonomic}
    uintx GCTimeRatio                              = 4                                         {product} {command line}
   size_t InitialHeapSize                          = 104857600                                 {product} {command line}
   size_t MaxHeapSize                              = 2147483648                                {product} {command line}
   size_t MaxNewSize                               = 715653120                                 {product} {ergonomic}
   size_t MinHeapDeltaBytes                        = 524288                                    {product} {ergonomic}
   size_t MinHeapSize                              = 104857600                                 {product} {command line}
   size_t NewSize                                  = 34603008                                  {product} {ergonomic}
    uintx NonNMethodCodeHeapSize                   = 5839372                                {pd product} {ergonomic}
    uintx NonProfiledCodeHeapSize                  = 122909434                              {pd product} {ergonomic}
   size_t OldSize                                  = 70254592                                  {product} {ergonomic}
    uintx ProfiledCodeHeapSize                     = 122909434                              {pd product} {ergonomic}
    uintx ReservedCodeCacheSize                    = 251658240                              {pd product} {ergonomic}
     bool SegmentedCodeCache                       = true                                      {product} {ergonomic}
   size_t SoftMaxHeapSize                          = 2147483648                             {manageable} {ergonomic}
     bool UseCompressedOops                        = true                           {product lp64_product} {ergonomic}
     bool UseLargePagesIndividualAllocation        = false                                  {pd product} {ergonomic}
     bool UseParallelGC                            = true                                      {product} {command line}

Logging:
Log output configuration:
 #0: stdout all=off uptime,level,tags foldmultilines=false
 #1: stderr all=off uptime,level,tags foldmultilines=false

Release file:
JAVA_VERSION="21.0.10" 
MODULES="java.base java.compiler java.datatransfer java.xml java.prefs java.desktop java.instrument java.logging java.management java.security.sasl java.naming java.rmi java.management.rmi java.net.http java.scripting java.security.jgss java.transaction.xa java.sql java.sql.rowset java.xml.crypto java.se java.smartcardio jdk.accessibility jdk.internal.jvmstat jdk.attach jdk.charsets jdk.internal.opt jdk.zipfs jdk.compiler jdk.crypto.ec jdk.crypto.cryptoki jdk.crypto.mscapi jdk.dynalink jdk.internal.ed jdk.editpad jdk.hotspot.agent jdk.httpserver jdk.internal.le jdk.internal.vm.ci jdk.internal.vm.compiler jdk.internal.vm.compiler.management jdk.jartool jdk.javadoc jdk.jcmd jdk.management jdk.management.agent jdk.jconsole jdk.jdeps jdk.jdwp.agent jdk.jdi jdk.jfr jdk.jshell jdk.jsobject jdk.jstatd jdk.localedata jdk.management.jfr jdk.naming.dns jdk.naming.rmi jdk.net jdk.nio.mapmode jdk.random jdk.sctp jdk.security.auth jdk.security.jgss jdk.unsupported jdk.unsupported.desktop jdk.xml.dom" 

Environment Variables:
PATH=C:\Users\lschr\AppData\Local\Programs\Microsoft VS Code;C:\Program Files\Common Files\Oracle\Java\javapath;C:\WINDOWS\system32;C:\WINDOWS;C:\WINDOWS\System32\Wbem;C:\WINDOWS\System32\WindowsPowerShell\v1.0\;C:\WINDOWS\System32\OpenSSH\;C:\Program Files\Intel\WiFi\bin\;C:\Program Files\Common Files\Intel\WirelessCommon\;C:\Program Files (x86)\Intel\Intel(R) Management Engine Components\DAL;C:\Program Files\Intel\Intel(R) Management Engine Components\DAL;C:\Program Files (x86)\dotnet\;C:\Program Files\PuTTY\;C:\Program Files\MATLAB\R2024a\bin;C:\Program Files\dotnet\;C:\JupyterLab;C:\Program Files\Git\cmd;C:\Users\lschr\AppData\Local\Microsoft\WindowsApps;C:\Program Files (x86)\Dev-Cpp\MinGW64\bin;C:\Users\lschr\AppData\Local\Programs\Microsoft VS Code\bin;C:\Users\lschr\AppData\Local\Python\bin
USERNAME=lschr
OS=Windows_NT
PROCESSOR_IDENTIFIER=Intel64 Family 6 Model 142 Stepping 10, GenuineIntel
TMP=C:\Users\lschr\AppData\Local\Temp
TEMP=C:\Users\lschr\AppData\Local\Temp




Periodic native trim disabled

---------------  S Y S T E M  ---------------

OS:
 Windows 11 , 64 bit Build 26100 (10.0.26100.7920)
OS uptime: 3 days 20:15 hours

CPU: total 8 (initial active 8) (4 cores per cpu, 2 threads per core) family 6 model 142 stepping 10 microcode 0xe0, cx8, cmov, fxsr, ht, mmx, 3dnowpref, sse, sse2, sse3, ssse3, sse4.1, sse4.2, popcnt, lzcnt, tsc, tscinvbit, avx, avx2, aes, erms, clmul, bmi1, bmi2, adx, fma, vzeroupper, clflush, clflushopt, rdtscp, f16c
Processor Information for processor 0
  Max Mhz: 1800, Current Mhz: 1600, Mhz Limit: 1584
Processor Information for processor 1
  Max Mhz: 1800, Current Mhz: 1500, Mhz Limit: 1584
Processor Information for processor 2
  Max Mhz: 1800, Current Mhz: 1600, Mhz Limit: 1584
Processor Information for processor 3
  Max Mhz: 1800, Current Mhz: 1500, Mhz Limit: 1584
Processor Information for processor 4
  Max Mhz: 1800, Current Mhz: 1600, Mhz Limit: 1584
Processor Information for processor 5
  Max Mhz: 1800, Current Mhz: 1600, Mhz Limit: 1584
Processor Information for processor 6
  Max Mhz: 1800, Current Mhz: 1600, Mhz Limit: 1584
Processor Information for processor 7
  Max Mhz: 1800, Current Mhz: 1600, Mhz Limit: 1584

Memory: 4k page, system-wide physical 8087M (1003M free)
TotalPageFile size 12183M (AvailPageFile size 2M)
current process WorkingSet (physical memory assigned to process): 112M, peak: 112M
current process commit charge ("private bytes"): 253M, peak: 253M

vm_info: OpenJDK 64-Bit Server VM (21.0.10+7-LTS) for windows-amd64 JRE (21.0.10+7-LTS), built on 2026-01-20T00:00:00Z by "admin" with MS VC++ 17.12 (VS2022)

END.
